# JRE version: OpenJDK Runtime Environment (8.0_152-b06) (build 1.8.0_152-release-1136-b06)
# Java VM: OpenJDK 64-Bit Server VM (25.152-b06 mixed mode windows-amd64 compressed oops)
Heap:
 PSYoungGen      total 253440K, used 74549K [0x00000000e0000000, 0x00000000f6900000, 0x0000000100000000)
  eden space 230912K, 32% used [0x00000000e0000000,0x00000000e48cd778,0x00000000ee180000)
  from space 22528K, 0% used [0x00000000ee180000,0x00000000ee180000,0x00000000ef780000)
  to   space 24576K, 0% used [0x00000000f5100000,0x00000000f5100000,0x00000000f6900000)
 ParOldGen       total 115200K, used 34253K [0x00000000a0000000, 0x00000000a7080000, 0x00000000e0000000)
  object space 115200K, 29% used [0x00000000a0000000,0x00000000a21737b0,0x00000000a7080000)
 Metaspace       used 63012K, capacity 64688K, committed 64808K, reserved 1105920K
  class space    used 8511K, capacity 8951K, committed 9008K, reserved 1048576K
GC Heap History (10 events):
Event: 5.196 GC heap before
{Heap before GC invocations=8 (full 2):
 PSYoungGen      total 164864K, used 11167K [0x00000000e0000000, 0x00000000eb000000, 0x0000000100000000)
  eden space 153600K, 0% used [0x00000000e0000000,0x00000000e0000000,0x00000000e9600000)
  from space 11264K, 99% used [0x00000000ea500000,0x00000000eafe7c30,0x00000000eb000000)
  to   space 12800K, 0% used [0x00000000e9700000,0x00000000e9700000,0x00000000ea380000)
 ParOldGen       total 76288K, used 8540K [0x00000000a0000000, 0x00000000a4a80000, 0x00000000e0000000)
  object space 76288K, 11% used [0x00000000a0000000,0x00000000a0857218,0x00000000a4a80000)
 Metaspace       used 34832K, capacity 35352K, committed 35496K, reserved 1079296K
  class space    used 4823K, capacity 4998K, committed 5040K, reserved 1048576K
Event: 5.245 GC heap after
Heap after GC invocations=8 (full 2):
 PSYoungGen      total 164864K, used 0K [0x00000000e0000000, 0x00000000eb000000, 0x0000000100000000)
  eden space 153600K, 0% used [0x00000000e0000000,0x00000000e0000000,0x00000000e9600000)
  from space 11264K, 0% used [0x00000000ea500000,0x00000000ea500000,0x00000000eb000000)
  to   space 12800K, 0% used [0x00000000e9700000,0x00000000e9700000,0x00000000ea380000)
 ParOldGen       total 115200K, used 17564K [0x00000000a0000000, 0x00000000a7080000, 0x00000000e0000000)
  object space 115200K, 15% used [0x00000000a0000000,0x00000000a11270f0,0x00000000a7080000)
 Metaspace       used 34832K, capacity 35352K, committed 35496K, reserved 1079296K
  class space    used 4823K, capacity 4998K, committed 5040K, reserved 1048576K
}
Event: 7.673 GC heap before
{Heap before GC invocations=9 (full 2):
 PSYoungGen      total 164864K, used 153600K [0x00000000e0000000, 0x00000000eb000000, 0x0000000100000000)
  eden space 153600K, 100% used [0x00000000e0000000,0x00000000e9600000,0x00000000e9600000)
  from space 11264K, 0% used [0x00000000ea500000,0x00000000ea500000,0x00000000eb000000)
  to   space 12800K, 0% used [0x00000000e9700000,0x00000000e9700000,0x00000000ea380000)
 ParOldGen       total 115200K, used 17564K [0x00000000a0000000, 0x00000000a7080000, 0x00000000e0000000)
  object space 115200K, 15% used [0x00000000a0000000,0x00000000a11270f0,0x00000000a7080000)
 Metaspace       used 47376K, capacity 48330K, committed 48808K, reserved 1091584K
  class space    used 6417K, capacity 6708K, committed 6832K, reserved 1048576K
Event: 7.707 GC heap after
Heap after GC invocations=9 (full 2):
 PSYoungGen      total 167424K, used 12789K [0x00000000e0000000, 0x00000000f0800000, 0x0000000100000000)
  eden space 154624K, 0% used [0x00000000e0000000,0x00000000e0000000,0x00000000e9700000)
  from space 12800K, 99% used [0x00000000e9700000,0x00000000ea37d6c8,0x00000000ea380000)
  to   space 16896K, 0% used [0x00000000ef780000,0x00000000ef780000,0x00000000f0800000)
 ParOldGen       total 115200K, used 22765K [0x00000000a0000000, 0x00000000a7080000, 0x00000000e0000000)
  object space 115200K, 19% used [0x00000000a0000000,0x00000000a163b7d8,0x00000000a7080000)
 Metaspace       used 47376K, capacity 48330K, committed 48808K, reserved 1091584K
  class space    used 6417K, capacity 6708K, committed 6832K, reserved 1048576K
}
Event: 10.531 GC heap before
{Heap before GC invocations=10 (full 2):
 PSYoungGen      total 167424K, used 167413K [0x00000000e0000000, 0x00000000f0800000, 0x0000000100000000)
  eden space 154624K, 100% used [0x00000000e0000000,0x00000000e9700000,0x00000000e9700000)
  from space 12800K, 99% used [0x00000000e9700000,0x00000000ea37d6c8,0x00000000ea380000)
  to   space 16896K, 0% used [0x00000000ef780000,0x00000000ef780000,0x00000000f0800000)
 ParOldGen       total 115200K, used 22765K [0x00000000a0000000, 0x00000000a7080000, 0x00000000e0000000)
  object space 115200K, 19% used [0x00000000a0000000,0x00000000a163b7d8,0x00000000a7080000)
 Metaspace       used 56076K, capacity 57726K, committed 58024K, reserved 1099776K
  class space    used 7657K, capacity 8050K, committed 8112K, reserved 1048576K
Event: 10.554 GC heap after
Heap after GC invocations=10 (full 2):
 PSYoungGen      total 247808K, used 16869K [0x00000000e0000000, 0x00000000f0d80000, 0x0000000100000000)
  eden space 230912K, 0% used [0x00000000e0000000,0x00000000e0000000,0x00000000ee180000)
  from space 16896K, 99% used [0x00000000ef780000,0x00000000f07f9530,0x00000000f0800000)
  to   space 22528K, 0% used [0x00000000ee180000,0x00000000ee180000,0x00000000ef780000)
 ParOldGen       total 115200K, used 30704K [0x00000000a0000000, 0x00000000a7080000, 0x00000000e0000000)
  object space 115200K, 26% used [0x00000000a0000000,0x00000000a1dfc0c0,0x00000000a7080000)
 Metaspace       used 56076K, capacity 57726K, committed 58024K, reserved 1099776K
  class space    used 7657K, capacity 8050K, committed 8112K, reserved 1048576K
}
Event: 10.793 GC heap before
{Heap before GC invocations=11 (full 2):
 PSYoungGen      total 247808K, used 35886K [0x00000000e0000000, 0x00000000f0d80000, 0x0000000100000000)
  eden space 230912K, 8% used [0x00000000e0000000,0x00000000e1292618,0x00000000ee180000)
  from space 16896K, 99% used [0x00000000ef780000,0x00000000f07f9530,0x00000000f0800000)
  to   space 22528K, 0% used [0x00000000ee180000,0x00000000ee180000,0x00000000ef780000)
 ParOldGen       total 115200K, used 30704K [0x00000000a0000000, 0x00000000a7080000, 0x00000000e0000000)
  object space 115200K, 26% used [0x00000000a0000000,0x00000000a1dfc0c0,0x00000000a7080000)
 Metaspace       used 57353K, capacity 59048K, committed 59160K, reserved 1099776K
  class space    used 7851K, capacity 8279K, committed 8368K, reserved 1048576K
Event: 10.815 GC heap after
Heap after GC invocations=11 (full 2):
 PSYoungGen      total 253440K, used 19541K [0x00000000e0000000, 0x00000000f6900000, 0x0000000100000000)
  eden space 230912K, 0% used [0x00000000e0000000,0x00000000e0000000,0x00000000ee180000)
  from space 22528K, 86% used [0x00000000ee180000,0x00000000ef495540,0x00000000ef780000)
  to   space 24576K, 0% used [0x00000000f5100000,0x00000000f5100000,0x00000000f6900000)
 ParOldGen       total 115200K, used 30712K [0x00000000a0000000, 0x00000000a7080000, 0x00000000e0000000)
  object space 115200K, 26% used [0x00000000a0000000,0x00000000a1dfe0c0,0x00000000a7080000)
 Metaspace       used 57353K, capacity 59048K, committed 59160K, reserved 1099776K
  class space    used 7851K, capacity 8279K, committed 8368K, reserved 1048576K
}
Event: 10.816 GC heap before
{Heap before GC invocations=12 (full 3):
 PSYoungGen      total 253440K, used 19541K [0x00000000e0000000, 0x00000000f6900000, 0x0000000100000000)
  eden space 230912K, 0% used [0x00000000e0000000,0x00000000e0000000,0x00000000ee180000)
  from space 22528K, 86% used [0x00000000ee180000,0x00000000ef495540,0x00000000ef780000)
  to   space 24576K, 0% used [0x00000000f5100000,0x00000000f5100000,0x00000000f6900000)
 ParOldGen       total 115200K, used 30712K [0x00000000a0000000, 0x00000000a7080000, 0x00000000e0000000)
  object space 115200K, 26% used [0x00000000a0000000,0x00000000a1dfe0c0,0x00000000a7080000)
 Metaspace       used 57353K, capacity 59048K, committed 59160K, reserved 1099776K
  class space    used 7851K, capacity 8279K, committed 8368K, reserved 1048576K
Event: 11.115 GC heap after
Heap after GC invocations=12 (full 3):
 PSYoungGen      total 253440K, used 0K [0x00000000e0000000, 0x00000000f6900000, 0x0000000100000000)
  eden space 230912K, 0% used [0x00000000e0000000,0x00000000e0000000,0x00000000ee180000)
  from space 22528K, 0% used [0x00000000ee180000,0x00000000ee180000,0x00000000ef780000)
  to   space 24576K, 0% used [0x00000000f5100000,0x00000000f5100000,0x00000000f6900000)
 ParOldGen       total 115200K, used 34253K [0x00000000a0000000, 0x00000000a7080000, 0x00000000e0000000)
  object space 115200K, 29% used [0x00000000a0000000,0x00000000a21737b0,0x00000000a7080000)
 Metaspace       used 57353K, capacity 59048K, committed 59160K, reserved 1099776K
  class space    used 7851K, capacity 8279K, committed 8368K, reserved 1048576K
}

